<?xml version="1.0" encoding="UTF-8"?>
<!-- Generated by org.testng.reporters.JUnitReportReporter -->
<testsuite hostname="LAPTOP-0A5E04UV" failures="0" tests="1" name="Assignment.Bassfour" time="6.165" errors="0" timestamp="2022-04-20T19:01:54 EDT" skipped="0">
  <testcase classname="Assignment.Bassfour" name="main" time="6.165"/>
  <system-out/>
</testsuite> <!-- Assignment.Bassfour -->
