<?xml version="1.0" encoding="UTF-8"?>
<!-- Generated by org.testng.reporters.JUnitReportReporter -->
<testsuite hostname="LAPTOP-0A5E04UV" failures="0" tests="6" name="Pages.Testing" time="41.730" errors="0" timestamp="2022-05-04T16:06:38 EDT" skipped="0">
  <testcase classname="Pages.Testing" name="click_on_getStarted" time="1.891"/>
  <system-out/>
  <testcase classname="Pages.Testing" name="signInPageInvalid" time="2.292"/>
  <system-out/>
  <testcase classname="Pages.Testing" name="signInPage" time="2.060"/>
  <system-out/>
  <testcase classname="Pages.Testing" name="Dropdown" time="15.433"/>
  <system-out/>
  <testcase classname="Pages.Testing" name="graphPage" time="9.079"/>
  <system-out/>
  <testcase classname="Pages.Testing" name="stackPage" time="10.975"/>
  <system-out/>
</testsuite> <!-- Pages.Testing -->
