<?xml version="1.0" encoding="UTF-8"?>
<!-- Generated by org.testng.reporters.JUnitReportReporter -->
<testsuite hostname="LAPTOP-0A5E04UV" failures="0" tests="1" name="Assignment.asstwoD" time="6.461" errors="0" timestamp="2022-04-19T19:32:44 EDT" skipped="0">
  <testcase classname="Assignment.asstwoD" name="main" time="6.461"/>
  <system-out/>
</testsuite> <!-- Assignment.asstwoD -->
