<?xml version="1.0" encoding="UTF-8"?>
<!-- Generated by org.testng.reporters.JUnitReportReporter -->
<testsuite hostname="LAPTOP-0A5E04UV" failures="0" tests="1" name="Assignment.Bassthree" time="0.204" errors="0" timestamp="2022-04-20T16:44:51 EDT" skipped="0">
  <testcase classname="Assignment.Bassthree" name="main" time="0.204"/>
  <system-out/>
</testsuite> <!-- Assignment.Bassthree -->
