<?xml version="1.0" encoding="UTF-8"?>
<!-- Generated by org.testng.reporters.JUnitReportReporter -->
<testsuite hostname="LAPTOP-0A5E04UV" failures="0" tests="1" name="Assignment.Aassthree" time="10.398" errors="0" timestamp="2022-04-20T15:07:21 EDT" skipped="0">
  <testcase classname="Assignment.Aassthree" name="main" time="10.398"/>
  <system-out/>
</testsuite> <!-- Assignment.Aassthree -->
