<?xml version="1.0" encoding="UTF-8"?>
<!-- Generated by org.testng.reporters.JUnitReportReporter -->
<testsuite hostname="LAPTOP-0A5E04UV" failures="0" tests="1" name="Assignment.asstwoB" time="1.024" errors="0" timestamp="2022-04-19T18:40:12 EDT" skipped="0">
  <testcase classname="Assignment.asstwoB" name="main" time="1.024"/>
  <system-out/>
</testsuite> <!-- Assignment.asstwoB -->
