<?xml version="1.0" encoding="UTF-8"?>
<!-- Generated by org.testng.reporters.JUnitReportReporter -->
<testsuite hostname="LAPTOP-0A5E04UV" failures="0" tests="3" name="Testcases.Testing" time="27.577" errors="0" timestamp="2022-04-24T17:30:57 EDT" skipped="0">
  <testcase classname="Testcases.Testing" name="click_on_getStarted" time="0.479"/>
  <system-out/>
  <testcase classname="Testcases.Testing" name="signInPage" time="7.547"/>
  <system-out/>
  <testcase classname="Testcases.Testing" name="homePage" time="19.551"/>
  <system-out/>
</testsuite> <!-- Testcases.Testing -->
