<?xml version="1.0" encoding="UTF-8"?>
<!-- Generated by org.testng.reporters.JUnitReportReporter -->
<testsuite hostname="LAPTOP-0A5E04UV" failures="0" tests="1" name="Assignment.asstwoA" time="6.261" errors="0" timestamp="2022-04-19T18:47:24 EDT" skipped="0">
  <testcase classname="Assignment.asstwoA" name="main" time="6.261"/>
  <system-out/>
</testsuite> <!-- Assignment.asstwoA -->
