<?xml version="1.0" encoding="UTF-8"?>
<!-- Generated by org.testng.reporters.JUnitReportReporter -->
<testsuite hostname="LAPTOP-0A5E04UV" failures="0" tests="1" name="Assignment.asstwoC" time="6.727" errors="0" timestamp="2022-04-19T19:31:39 EDT" skipped="0">
  <testcase classname="Assignment.asstwoC" name="main" time="6.727"/>
  <system-out/>
</testsuite> <!-- Assignment.asstwoC -->
