<?xml version="1.0" encoding="UTF-8"?>
<!-- Generated by org.testng.reporters.JUnitReportReporter -->
<testsuite hostname="LAPTOP-0A5E04UV" failures="0" tests="1" name="Assignment1.assone" time="5.531" errors="0" timestamp="2022-04-19T10:37:33 EDT" skipped="0">
  <testcase classname="Assignment1.assone" name="main" time="5.531"/>
  <system-out/>
</testsuite> <!-- Assignment1.assone -->
