<?xml version="1.0" encoding="UTF-8"?>
<!-- Generated by org.testng.reporters.JUnitReportReporter -->
<testsuite hostname="LAPTOP-0A5E04UV" failures="0" tests="1" name="Assignment.asstwo" time="6.687" errors="0" timestamp="2022-04-19T18:17:39 EDT" skipped="0">
  <testcase classname="Assignment.asstwo" name="main" time="6.687"/>
  <system-out/>
</testsuite> <!-- Assignment.asstwo -->
