<?xml version="1.0" encoding="UTF-8"?>
<!-- Generated by org.testng.reporters.JUnitReportReporter -->
<testsuite hostname="LAPTOP-0A5E04UV" failures="0" tests="1" name="Assignment.Aassfour" time="9.041" errors="0" timestamp="2022-04-20T17:46:04 EDT" skipped="0">
  <testcase classname="Assignment.Aassfour" name="main" time="9.041"/>
  <system-out/>
</testsuite> <!-- Assignment.Aassfour -->
